<?xml version="1.0" encoding="UTF-8"?>
<!-- Generated by org.testng.reporters.JUnitReportReporter -->
<testsuite hostname="LAPTOP-6HQP583J" failures="0" tests="1" name="day3.PathAndQueryParameters" time="4.782" errors="0" timestamp="2024-05-05T07:21:28 IST" skipped="0">
  <testcase classname="day3.PathAndQueryParameters" name="testQueryAndPathParameters" time="4.782"/>
</testsuite> <!-- day3.PathAndQueryParameters -->
