<?xml version="1.0" encoding="UTF-8"?>
<!-- Generated by org.testng.reporters.JUnitReportReporter -->
<testsuite hostname="LAPTOP-6HQP583J" failures="0" tests="1" name="day3.HeadersDemo" time="3.935" errors="0" timestamp="2024-09-01T12:24:57 IST" skipped="0">
  <testcase classname="day3.HeadersDemo" name="getHeader" time="3.935"/>
</testsuite> <!-- day3.HeadersDemo -->
