<?xml version="1.0" encoding="UTF-8"?>
<!-- Generated by org.testng.reporters.JUnitReportReporter -->
<testsuite hostname="LAPTOP-6HQP583J" failures="0" tests="1" name="day3.LoggersDemo" time="4.310" errors="0" timestamp="2024-05-05T08:57:15 IST" skipped="0">
  <testcase classname="day3.LoggersDemo" name="testLogs" time="4.310"/>
</testsuite> <!-- day3.LoggersDemo -->
